<?xml version="1.0" encoding="UTF-8"?>
<testsuite xmlns:xsi="http://www.w3.org/2001/XMLSchema-instance" xsi:noNamespaceSchemaLocation="https://maven.apache.org/surefire/maven-surefire-plugin/xsd/surefire-test-report-3.0.xsd" version="3.0" name="com.clinic.AppointmentServiceTest" time="1.34" tests="3" errors="0" skipped="0" failures="0">
  <properties>
[...]
</properties>
  <testcase name="testBookAppointment_DoubleBookingConflict" classname="com.clinic.AppointmentServiceTest" time="0.387">
    <system-out><![CDATA[19:31:36.892 [main] INFO org.springframework.test.context.support.AnnotationConfigContextLoaderUtils -- Could not detect default configuration classes for test class [com.clinic.AppointmentServiceTest]: AppointmentServiceTest does not declare any static, non-private, non-final, nested classes annotated with @Configuration.
19:31:36.936 [main] INFO org.springframework.boot.test.context.SpringBootTestContextBootstrapper -- Found @SpringBootConfiguration com.clinic.ClinicApplication for test class com.clinic.AppointmentServiceTest

  .   ____          _            __ _ _
 /\\ / ___'_ __ _ _(_)_ __  __ _ \ \ \ \
( ( )\___ | '_ | '_| | '_ \/ _` | \ \ \ \
 \\/  ___)| |_)| | | | | || (_| |  ) ) ) )
  '  |____| .__|_| |_|_| |_\__, | / / / /
 =========|_|==============|___/=/_/_/_/

 :: Spring Boot ::                (v3.3.4)

2026-09-13T19:31:37.084+05:30  INFO 93624 --- [           main] com.clinic.AppointmentServiceTest        : Starting AppointmentServiceTest using Java 17.0.15 with PID 93624 (started by neopath in /Users/neopath/Desktop/projects/nao/backend)
2026-09-13T19:31:37.085+05:30  INFO 93624 --- [           main] com.clinic.AppointmentServiceTest        : No active profile set, falling back to 1 default profile: "default"
2026-09-13T19:31:37.439+05:30  INFO 93624 --- [           main] com.zaxxer.hikari.HikariDataSource       : HikariPool-1 - Starting...
2026-09-13T19:31:37.537+05:30  INFO 93624 --- [           main] com.zaxxer.hikari.pool.HikariPool        : HikariPool-1 - Added connection conn0: url=jdbc:h2:file:./data/clinicdb user=SA
2026-09-13T19:31:37.538+05:30  INFO 93624 --- [           main] com.zaxxer.hikari.HikariDataSource       : HikariPool-1 - Start completed.
2026-09-13T19:31:37.639+05:30  INFO 93624 --- [           main] o.s.b.a.w.s.WelcomePageHandlerMapping    : Adding welcome page: URL [file:../frontend/index.html]
2026-09-13T19:31:37.734+05:30  INFO 93624 --- [           main] o.s.b.a.h2.H2ConsoleAutoConfiguration    : H2 console available at '/h2-console'. Database available at 'jdbc:h2:file:./data/clinicdb'
2026-09-13T19:31:37.751+05:30  INFO 93624 --- [           main] com.clinic.AppointmentServiceTest        : Started AppointmentServiceTest in 0.761 seconds (process running for 1.172)
]]></system-out>
  </testcase>
  <testcase name="testBookAppointment_PastDateRejection" classname="com.clinic.AppointmentServiceTest" time="0.002"/>
  <testcase name="testBookAppointment_Success" classname="com.clinic.AppointmentServiceTest" time="0.004"/>
</testsuite>